<?xml version="1.0" encoding="UTF-8"?>
<!-- Generated by org.testng.reporters.JUnitReportReporter -->
<testsuite hostname="LTIN242681" failures="0" tests="10" name="testCases.TC1_CarLoan" time="59.105" errors="0" timestamp="2024-02-28T16:19:20 IST" skipped="0">
  <testcase classname="testCases.TC1_CarLoan" name="btncarloan" time="0.343"/>
  <testcase classname="testCases.TC1_CarLoan" name="amthomeloan" time="0.711"/>
  <testcase classname="testCases.TC1_CarLoan" name="rateinterest" time="0.734"/>
  <testcase classname="testCases.TC1_CarLoan" name="tenureloan" time="2.616"/>
  <testcase classname="testCases.TC1_CarLoan" name="advanceemibtn" time="0.177"/>
  <testcase classname="testCases.TC1_CarLoan" name="tableyear" time="3.215"/>
  <testcase classname="testCases.TC1_CarLoan" name="amtp_int" time="2.490"/>
  <testcase classname="testCases.TC1_CarLoan" name="arrearsemi" time="0.169"/>
  <testcase classname="testCases.TC1_CarLoan" name="arrAmtp_int" time="4.071"/>
  <testcase classname="testCases.TC1_CarLoan" name="menuBar" time="44.579"/>
</testsuite> <!-- testCases.TC1_CarLoan -->
