<?xml version="1.0" encoding="UTF-8"?>
<!-- Generated by org.testng.reporters.JUnitReportReporter -->
<testsuite hostname="LTIN242681" failures="0" tests="8" name="testCases.TC3_LoanCalc" time="32.400" errors="0" timestamp="2024-02-28T16:19:20 IST" skipped="0">
  <testcase classname="testCases.TC3_LoanCalc" name="calcLoan" time="23.252"/>
  <testcase classname="testCases.TC3_LoanCalc" name="emiBtn" time="0.130"/>
  <testcase classname="testCases.TC3_LoanCalc" name="amtLoan" time="0.704"/>
  <testcase classname="testCases.TC3_LoanCalc" name="rInterest" time="0.633"/>
  <testcase classname="testCases.TC3_LoanCalc" name="yearLoanTenure" time="0.981"/>
  <testcase classname="testCases.TC3_LoanCalc" name="monthLoanTenure" time="1.117"/>
  <testcase classname="testCases.TC3_LoanCalc" name="amountLoan" time="3.383"/>
  <testcase classname="testCases.TC3_LoanCalc" name="tenureLoan" time="2.200"/>
</testsuite> <!-- testCases.TC3_LoanCalc -->
