<?xml version="1.0" encoding="UTF-8"?>
<!-- Generated by org.testng.reporters.JUnitReportReporter -->
<testsuite hostname="LTIN242681" failures="0" tests="2" name="testCases.TC2_HomeEmiCalc" time="12.049" errors="0" timestamp="2024-02-26T10:49:59 IST" skipped="0">
  <testcase classname="testCases.TC2_HomeEmiCalc" name="yearTable" time="3.305"/>
  <testcase classname="testCases.TC2_HomeEmiCalc" name="tableloan" time="8.744"/>
</testsuite> <!-- testCases.TC2_HomeEmiCalc -->
