<?xml version="1.0" encoding="UTF-8"?>
<!-- Generated by org.testng.reporters.JUnitReportReporter -->
<testsuite hostname="LTIN242681" failures="0" tests="10" name="testCases.TC1_CarLoan" time="13.440" errors="0" timestamp="2024-02-26T10:49:59 IST" skipped="0">
  <testcase classname="testCases.TC1_CarLoan" name="btncarloan" time="0.170"/>
  <testcase classname="testCases.TC1_CarLoan" name="amthomeloan" time="0.584"/>
  <testcase classname="testCases.TC1_CarLoan" name="rateinterest" time="0.516"/>
  <testcase classname="testCases.TC1_CarLoan" name="tenureloan" time="2.680"/>
  <testcase classname="testCases.TC1_CarLoan" name="advanceemibtn" time="0.080"/>
  <testcase classname="testCases.TC1_CarLoan" name="tableyear" time="3.110"/>
  <testcase classname="testCases.TC1_CarLoan" name="amtp_int" time="1.279"/>
  <testcase classname="testCases.TC1_CarLoan" name="arrearsemi" time="0.087"/>
  <testcase classname="testCases.TC1_CarLoan" name="arrAmtp_int" time="3.515"/>
  <testcase classname="testCases.TC1_CarLoan" name="menuBar" time="1.419"/>
</testsuite> <!-- testCases.TC1_CarLoan -->
