<?xml version="1.0" encoding="UTF-8"?>
<!-- Generated by org.testng.reporters.JUnitReportReporter -->
<testsuite hostname="LTIN242681" failures="0" tests="8" name="testCases.TC3_LoanCalc" time="8.764" errors="0" timestamp="2024-02-26T10:49:59 IST" skipped="0">
  <testcase classname="testCases.TC3_LoanCalc" name="calcLoan" time="1.176"/>
  <testcase classname="testCases.TC3_LoanCalc" name="emiBtn" time="0.094"/>
  <testcase classname="testCases.TC3_LoanCalc" name="amtLoan" time="0.527"/>
  <testcase classname="testCases.TC3_LoanCalc" name="rInterest" time="0.488"/>
  <testcase classname="testCases.TC3_LoanCalc" name="yearLoanTenure" time="0.945"/>
  <testcase classname="testCases.TC3_LoanCalc" name="monthLoanTenure" time="0.852"/>
  <testcase classname="testCases.TC3_LoanCalc" name="amountLoan" time="2.792"/>
  <testcase classname="testCases.TC3_LoanCalc" name="tenureLoan" time="1.890"/>
</testsuite> <!-- testCases.TC3_LoanCalc -->
