<?xml version="1.0" encoding="UTF-8"?>
<!-- Generated by org.testng.reporters.JUnitReportReporter -->
<testsuite hostname="LTIN242681" failures="0" tests="2" name="testCases.TC2_HomeEmiCalc" time="17.151" errors="0" timestamp="2024-02-28T16:19:20 IST" skipped="0">
  <testcase classname="testCases.TC2_HomeEmiCalc" name="yearTable" time="3.113"/>
  <testcase classname="testCases.TC2_HomeEmiCalc" name="tableloan" time="14.038"/>
</testsuite> <!-- testCases.TC2_HomeEmiCalc -->
